g:\austin\projects\visual_studio\helloworld\helloworld\debug\helloworld.pch
g:\austin\projects\visual_studio\helloworld\helloworld\debug\vc140.pdb
g:\austin\projects\visual_studio\helloworld\helloworld\debug\vc140.idb
g:\austin\projects\visual_studio\helloworld\helloworld\debug\stdafx.obj
g:\austin\projects\visual_studio\helloworld\helloworld\debug\helloworld.obj
g:\austin\projects\visual_studio\helloworld\debug\helloworld.ilk
g:\austin\projects\visual_studio\helloworld\debug\helloworld.exe
g:\austin\projects\visual_studio\helloworld\debug\helloworld.pdb
g:\austin\projects\visual_studio\unrealcourse\helloworld\debug\helloworld.obj
g:\austin\projects\visual_studio\unrealcourse\helloworld\debug\stdafx.obj
g:\austin\projects\visual_studio\unrealcourse\helloworld\debug\helloworld.pch
g:\austin\projects\visual_studio\unrealcourse\helloworld\debug\vc140.idb
g:\austin\projects\visual_studio\unrealcourse\helloworld\debug\vc140.pdb
g:\austin\projects\visual_studio\unrealcourse\debug\helloworld.pdb
g:\austin\projects\visual_studio\unrealcourse\debug\helloworld.exe
g:\austin\projects\visual_studio\unrealcourse\debug\helloworld.ilk
g:\austin\projects\visual_studio\unrealcourse\helloworld\debug\helloworld.tlog\cl.command.1.tlog
g:\austin\projects\visual_studio\unrealcourse\helloworld\debug\helloworld.tlog\cl.read.1.tlog
g:\austin\projects\visual_studio\unrealcourse\helloworld\debug\helloworld.tlog\cl.write.1.tlog
g:\austin\projects\visual_studio\unrealcourse\helloworld\debug\helloworld.tlog\link.command.1.tlog
g:\austin\projects\visual_studio\unrealcourse\helloworld\debug\helloworld.tlog\link.read.1.tlog
g:\austin\projects\visual_studio\unrealcourse\helloworld\debug\helloworld.tlog\link.write.1.tlog
